\BOOKMARK [1][-]{section.1}{\376\377\000W\000s\000t\001\031\000p}{}% 1
\BOOKMARK [2][-]{subsection.1.1}{\376\377\000C\000e\000l\000\040\000P\000r\000o\000j\000e\000k\000t\000u}{section.1}% 2
\BOOKMARK [2][-]{subsection.1.2}{\376\377\000Z\000a\000k\000r\000e\000s\000\040\000P\000r\000o\000j\000e\000k\000t\000u}{section.1}% 3
\BOOKMARK [1][-]{section.2}{\376\377\000W\000y\000m\000a\000g\000a\000n\000i\000a\000\040\000P\000r\000o\000j\000e\000k\000t\000u}{}% 4
\BOOKMARK [2][-]{subsection.2.1}{\376\377\000W\000y\000m\000a\000g\000a\000n\000i\000a\000\040\000F\000u\000n\000k\000c\000j\000o\000n\000a\000l\000n\000e}{section.2}% 5
\BOOKMARK [3][-]{subsubsection.2.1.1}{\376\377\000L\000o\000g\000o\000w\000a\000n\000i\000e\000\040\000i\000\040\000R\000e\000j\000e\000s\000t\000r\000a\000c\000j\000a}{subsection.2.1}% 6
\BOOKMARK [3][-]{subsubsection.2.1.2}{\376\377\000T\000w\000o\000r\000z\000e\000n\000i\000e\000\040\000i\000\040\000Z\000a\000r\000z\001\005\000d\000z\000a\000n\000i\000e\000\040\000D\000a\000n\000i\000a\000m\000i}{subsection.2.1}% 7
\BOOKMARK [3][-]{subsubsection.2.1.3}{\376\377\000F\000i\000l\000t\000r\000o\000w\000a\000n\000i\000e\000\040\000i\000\040\000W\000y\000s\000z\000u\000k\000i\000w\000a\000n\000i\000e}{subsection.2.1}% 8
\BOOKMARK [3][-]{subsubsection.2.1.4}{\376\377\000M\000o\000d\000e\000l\000\040\000S\000a\000a\000S}{subsection.2.1}% 9
\BOOKMARK [3][-]{subsubsection.2.1.5}{\376\377\000S\000t\000a\000t\000u\000s\000y\000\040\000Z\000a\000m\000\363\000w\000i\000e\001\104}{subsection.2.1}% 10
\BOOKMARK [3][-]{subsubsection.2.1.6}{\376\377\000S\000y\000s\000t\000e\000m\000\040\000U\000p\000r\000a\000w\000n\000i\000e\001\104\000\040\000\050\000R\000B\000A\000C\000\051}{subsection.2.1}% 11
\BOOKMARK [2][-]{subsection.2.2}{\376\377\000W\000y\000m\000a\000g\000a\000n\000i\000a\000\040\000N\000i\000e\000f\000u\000n\000k\000c\000j\000o\000n\000a\000l\000n\000e}{section.2}% 12
\BOOKMARK [1][-]{section.3}{\376\377\000Z\000a\001\102\000o\001\174\000e\000n\000i\000a\000\040\000S\000y\000s\000t\000e\000m\000u}{}% 13
\BOOKMARK [2][-]{subsection.3.1}{\376\377\000T\000e\000c\000h\000n\000o\000l\000o\000g\000i\000a}{section.3}% 14
\BOOKMARK [1][-]{section.4}{\376\377\000I\000m\000p\000l\000e\000m\000e\000n\000t\000a\000c\000j\000a}{}% 15
\BOOKMARK [2][-]{subsection.4.1}{\376\377\000E\000t\000a\000p\000\040\0001\000\040\000-\000\040\000U\000k\000o\001\104\000c\000z\000o\000n\000y}{section.4}% 16
\BOOKMARK [1][-]{section.5}{\376\377\000Z\000r\000z\000u\000t\000y\000\040\000E\000k\000r\000a\000n\000u\000\040\000I\000n\000t\000e\000r\000f\000e\000j\000s\000u}{}% 17
\BOOKMARK [2][-]{subsection.5.1}{\376\377\000P\000a\000n\000e\000l\000\040\000K\000l\000i\000e\000n\000t\000a}{section.5}% 18
\BOOKMARK [3][-]{subsubsection.5.1.1}{\376\377\000F\000o\000r\000m\000u\000l\000a\000r\000z\000\040\000L\000o\000g\000o\000w\000a\000n\000i\000a}{subsection.5.1}% 19
\BOOKMARK [3][-]{subsubsection.5.1.2}{\376\377\000R\000e\000j\000e\000s\000t\000r\000a\000c\000j\000a\000\040\000K\000l\000i\000e\000n\000t\000a}{subsection.5.1}% 20
\BOOKMARK [3][-]{subsubsection.5.1.3}{\376\377\000R\000e\000j\000e\000s\000t\000r\000a\000c\000j\000a\000\040\000R\000e\000s\000t\000a\000u\000r\000a\000c\000j\000i}{subsection.5.1}% 21
\BOOKMARK [2][-]{subsection.5.2}{\376\377\000P\000a\000n\000e\000l\000\040\000A\000d\000m\000i\000n\000i\000s\000t\000r\000a\000c\000y\000j\000n\000y}{section.5}% 22
\BOOKMARK [3][-]{subsubsection.5.2.1}{\376\377\000D\000a\000s\000h\000b\000o\000a\000r\000d\000\040\000A\000d\000m\000i\000n\000i\000s\000t\000r\000a\000t\000o\000r\000a}{subsection.5.2}% 23
\BOOKMARK [3][-]{subsubsection.5.2.2}{\376\377\000W\000e\000r\000y\000f\000i\000k\000a\000c\000j\000a\000\040\000R\000e\000s\000t\000a\000u\000r\000a\000c\000j\000i}{subsection.5.2}% 24
\BOOKMARK [3][-]{subsubsection.5.2.3}{\376\377\000Z\000a\000r\000z\001\005\000d\000z\000a\000n\000i\000e\000\040\000P\000l\000a\000n\000a\000m\000i\000\040\000S\000u\000b\000s\000k\000r\000y\000p\000c\000y\000j\000n\000y\000m\000i}{subsection.5.2}% 25
\BOOKMARK [3][-]{subsubsection.5.2.4}{\376\377\000Z\000a\000r\000z\001\005\000d\000z\000a\000n\000i\000e\000\040\000T\000r\000e\001\133\000c\000i\001\005}{subsection.5.2}% 26
\BOOKMARK [3][-]{subsubsection.5.2.5}{\376\377\000Z\000a\000r\000z\001\005\000d\000z\000a\000n\000i\000e\000\040\000S\001\102\000o\000w\000n\000i\000k\000a\000m\000i}{subsection.5.2}% 27
\BOOKMARK [3][-]{subsubsection.5.2.6}{\376\377\000M\000o\000d\000e\000r\000a\000c\000j\000a}{subsection.5.2}% 28
\BOOKMARK [2][-]{subsection.5.3}{\376\377\000P\000a\000n\000e\000l\000\040\000R\000e\000s\000t\000a\000u\000r\000a\000c\000j\000i}{section.5}% 29
\BOOKMARK [3][-]{subsubsection.5.3.1}{\376\377\000D\000a\000s\000h\000b\000o\000a\000r\000d\000\040\000W\001\102\000a\001\133\000c\000i\000c\000i\000e\000l\000a}{subsection.5.3}% 30
\BOOKMARK [3][-]{subsubsection.5.3.2}{\376\377\000Z\000a\000r\000z\001\005\000d\000z\000a\000n\000i\000e\000\040\000M\000e\000n\000u}{subsection.5.3}% 31
\BOOKMARK [3][-]{subsubsection.5.3.3}{\376\377\000S\000t\000a\000t\000y\000s\000t\000y\000k\000i\000\040\000i\000\040\000R\000a\000p\000o\000r\000t}{subsection.5.3}% 32
\BOOKMARK [2][-]{subsection.5.4}{\376\377\000P\000a\000n\000e\000l\000\040\000Z\000a\000m\000\363\000w\000i\000e\001\104}{section.5}% 33
\BOOKMARK [3][-]{subsubsection.5.4.1}{\376\377\000Z\000a\000r\000z\001\005\000d\000z\000a\000n\000i\000e\000\040\000Z\000a\000m\000\363\000w\000i\000e\000n\000i\000a\000m\000i}{subsection.5.4}% 34
\BOOKMARK [3][-]{subsubsection.5.4.2}{\376\377\000S\000t\000a\000t\000u\000s\000\040\000Z\000a\000m\000\363\000w\000i\000e\000n\000i\000a}{subsection.5.4}% 35
\BOOKMARK [3][-]{subsubsection.5.4.3}{\376\377\000E\000k\000r\000a\000n\000\040\000K\000u\000c\000h\000n\000i}{subsection.5.4}% 36
\BOOKMARK [3][-]{subsubsection.5.4.4}{\376\377\000E\000t\000a\000p\000y\000\040\000R\000e\000a\000l\000i\000z\000a\000c\000j\000i\000\040\000Z\000a\000m\000\363\000w\000i\000e\000n\000i\000a}{subsection.5.4}% 37
\BOOKMARK [3][-]{subsubsection.5.4.5}{\376\377\000O\000d\000b\000i\000\363\000r\000\040\000O\000s\000o\000b\000i\000s\000t\000y\000\040\000i\000\040\000E\000k\000r\000a\000n\000\040\000T\000e\000l\000e\000w\000i\000z\000o\000r\000a}{subsection.5.4}% 38
\BOOKMARK [3][-]{subsubsection.5.4.6}{\376\377\000P\000r\000z\000e\000g\000l\001\005\000d\000a\000n\000i\000e\000\040\000M\000a\000p\000y\000\040\000i\000\040\000W\000y\000s\000t\000a\000w\000i\000a\000n\000i\000e\000\040\000O\000p\000i\000n\000i\000i}{subsection.5.4}% 39
\BOOKMARK [3][-]{subsubsection.5.4.7}{\376\377\000P\000o\000d\000g\000l\001\005\000d\000\040\000R\000e\000s\000t\000a\000u\000r\000a\000c\000j\000i\000\040\000n\000a\000\040\000M\000a\000p\000i\000e}{subsection.5.4}% 40
\BOOKMARK [3][-]{subsubsection.5.4.8}{\376\377\000S\000y\000s\000t\000e\000m\000\040\000U\000p\000r\000a\000w\000n\000i\000e\001\104\000\040\000i\000\040\000P\000e\000r\000s\000o\000n\000a\000l\000i\000z\000a\000c\000j\000a\000\040\000I\000n\000t\000e\000r\000f\000e\000j\000s\000u}{subsection.5.4}% 41
\BOOKMARK [1][-]{section.6}{\376\377\000S\000t\000r\000u\000k\000t\000u\000r\000a\000\040\000P\000r\000o\000j\000e\000k\000t\000u}{}% 42
\BOOKMARK [2][-]{subsection.6.1}{\376\377\000O\000r\000g\000a\000n\000i\000z\000a\000c\000j\000a\000\040\000K\000a\000t\000a\000l\000o\000g\000\363\000w}{section.6}% 43
\BOOKMARK [1][-]{section.7}{\376\377\000A\000r\000c\000h\000i\000t\000e\000k\000t\000u\000r\000a\000\040\000A\000p\000l\000i\000k\000a\000c\000j\000i}{}% 44
\BOOKMARK [2][-]{subsection.7.1}{\376\377\000A\000r\000c\000h\000i\000t\000e\000k\000t\000u\000r\000a\000\040\000O\000g\000\363\000l\000n\000a}{section.7}% 45
\BOOKMARK [2][-]{subsection.7.2}{\376\377\000K\000o\000m\000p\000o\000n\000e\000n\000t\000y\000\040\000S\000y\000s\000t\000e\000m\000u}{section.7}% 46
\BOOKMARK [3][-]{subsubsection.7.2.1}{\376\377\000F\000r\000o\000n\000t\000e\000n\000d}{subsection.7.2}% 47
\BOOKMARK [3][-]{subsubsection.7.2.2}{\376\377\000B\000a\000c\000k\000e\000n\000d}{subsection.7.2}% 48
\BOOKMARK [3][-]{subsubsection.7.2.3}{\376\377\000B\000a\000z\000a\000\040\000D\000a\000n\000y\000c\000h}{subsection.7.2}% 49
\BOOKMARK [2][-]{subsection.7.3}{\376\377\000P\000r\000z\000e\000p\001\102\000y\000w\000\040\000D\000a\000n\000y\000c\000h}{section.7}% 50
\BOOKMARK [2][-]{subsection.7.4}{\376\377\000A\000u\000t\000e\000n\000t\000y\000k\000a\000c\000j\000a\000\040\000i\000\040\000A\000u\000t\000o\000r\000y\000z\000a\000c\000j\000a}{section.7}% 51
\BOOKMARK [2][-]{subsection.7.5}{\376\377\000P\000a\000n\000e\000l\000\040\000A\000d\000m\000i\000n\000i\000s\000t\000r\000a\000c\000y\000j\000n\000y}{section.7}% 52
\BOOKMARK [2][-]{subsection.7.6}{\376\377\000P\000a\000n\000e\000l\000\040\000R\000e\000s\000t\000a\000u\000r\000a\000c\000j\000i}{section.7}% 53
\BOOKMARK [2][-]{subsection.7.7}{\376\377\000P\000a\000n\000e\000l\000\040\000K\000l\000i\000e\000n\000t\000a}{section.7}% 54
\BOOKMARK [1][-]{section.8}{\376\377\000F\000u\000n\000k\000c\000j\000o\000n\000a\000l\000n\000o\001\133\000c\000i\000\040\000P\000o\000z\000o\000s\000t\000a\000j\001\005\000c\000e\000\040\000d\000o\000\040\000Z\000a\000i\000m\000p\000l\000e\000m\000e\000n\000t\000o\000w\000a\000n\000i\000a}{}% 55
\BOOKMARK [1][-]{section.9}{\376\377\000C\000o\000\040\000S\000i\001\031\000\040\000U\000d\000a\001\102\000o\000\040\000Z\000r\000o\000b\000i\001\007}{}% 56
\BOOKMARK [1][-]{section.10}{\376\377\000C\000o\000\040\000P\000o\000z\000o\000s\000t\000a\001\102\000o\000\040\000d\000o\000\040\000Z\000r\000o\000b\000i\000e\000n\000i\000a}{}% 57
\BOOKMARK [2][-]{subsection.10.1}{\376\377\000S\000c\000e\000n\000a\000r\000i\000u\000s\000z\000\040\0001\000:\000\040\000R\000e\000j\000e\000s\000t\000r\000a\000c\000j\000a\000\040\000K\000l\000i\000e\000n\000t\000a}{section.10}% 58
\BOOKMARK [2][-]{subsection.10.2}{\376\377\000S\000c\000e\000n\000a\000r\000i\000u\000s\000z\000\040\0002\000:\000\040\000R\000e\000j\000e\000s\000t\000r\000a\000c\000j\000a\000\040\000R\000e\000s\000t\000a\000u\000r\000a\000c\000j\000i}{section.10}% 59
\BOOKMARK [2][-]{subsection.10.3}{\376\377\000S\000c\000e\000n\000a\000r\000i\000u\000s\000z\000\040\0003\000:\000\040\000L\000o\000g\000o\000w\000a\000n\000i\000e\000\040\000A\000d\000m\000i\000n\000i\000s\000t\000r\000a\000t\000o\000r\000a}{section.10}% 60
\BOOKMARK [2][-]{subsection.10.4}{\376\377\000S\000c\000e\000n\000a\000r\000i\000u\000s\000z\000\040\0004\000:\000\040\000P\000r\000z\000e\000g\000l\001\005\000d\000a\000n\000i\000e\000\040\000R\000e\000s\000t\000a\000u\000r\000a\000c\000j\000i\000\040\000\050\000A\000d\000m\000i\000n\000i\000s\000t\000r\000a\000t\000o\000r\000\051}{section.10}% 61
\BOOKMARK [2][-]{subsection.10.5}{\376\377\000S\000c\000e\000n\000a\000r\000i\000u\000s\000z\000\040\0005\000:\000\040\000Z\000a\000r\000z\001\005\000d\000z\000a\000n\000i\000e\000\040\000P\000l\000a\000n\000a\000m\000i\000\040\000S\000u\000b\000s\000k\000r\000y\000p\000c\000y\000j\000n\000y\000m\000i}{section.10}% 62
\BOOKMARK [1][-]{section.11}{\376\377\000P\000o\000d\000s\000u\000m\000o\000w\000a\000n\000i\000e\000\040\000i\000\040\000W\000n\000i\000o\000s\000k\000i}{}% 63
\BOOKMARK [2][-]{subsection.11.1}{\376\377\000O\000s\000i\001\005\000g\000n\000i\001\031\000c\000i\000a}{section.11}% 64
\BOOKMARK [2][-]{subsection.11.2}{\376\377\000P\000r\000o\000b\000l\000e\000m\000y\000\040\000i\000\040\000R\000o\000z\000w\000i\001\005\000z\000a\000n\000i\000a}{section.11}% 65
\BOOKMARK [3][-]{subsubsection.11.2.1}{\376\377\000P\000r\000o\000b\000l\000e\000m\000:\000\040\000W\000i\000e\000l\000o\000p\000o\000z\000i\000o\000m\000o\000w\000a\000\040\000S\000t\000r\000u\000k\000t\000u\000r\000a\000\040\000U\000p\000r\000a\000w\000n\000i\000e\001\104}{subsection.11.2}% 66
\BOOKMARK [3][-]{subsubsection.11.2.2}{\376\377\000P\000r\000o\000b\000l\000e\000m\000:\000\040\000W\000a\000l\000i\000d\000a\000c\000j\000a\000\040\000D\000a\000n\000y\000c\000h\000\040\000F\000o\000r\000m\000u\000l\000a\000r\000z\000a\000c\000h}{subsection.11.2}% 67
\BOOKMARK [2][-]{subsection.11.3}{\376\377\000P\000l\000a\000n\000y\000\040\000P\000r\000z\000y\000s\000z\001\102\000o\001\133\000c\000i}{section.11}% 68
\BOOKMARK [2][-]{subsection.11.4}{\376\377\000S\000p\000o\000s\000t\000r\000z\000e\001\174\000e\000n\000i\000a\000\040\000T\000e\000c\000h\000n\000i\000c\000z\000n\000e}{section.11}% 69
\BOOKMARK [1][-]{section.12}{\376\377\000S\000t\000r\000u\000k\000t\000u\000r\000a\000\040\000B\000a\000z\000y\000\040\000D\000a\000n\000y\000c\000h}{}% 70
\BOOKMARK [2][-]{subsection.12.1}{\376\377\000P\000r\000z\000e\000g\000l\001\005\000d\000\040\000O\000g\000\363\000l\000n\000y}{section.12}% 71
\BOOKMARK [2][-]{subsection.12.2}{\376\377\000G\001\102\000\363\000w\000n\000e\000\040\000B\000y\000t\000y\000\040\000i\000\040\000I\000c\000h\000\040\000R\000e\000l\000a\000c\000j\000e}{section.12}% 72
\BOOKMARK [3][-]{subsubsection.12.2.1}{\376\377\000U\001\174\000y\000t\000k\000o\000w\000n\000i\000c\000y\000\040\000\050\000U\000s\000e\000r\000\051}{subsection.12.2}% 73
\BOOKMARK [3][-]{subsubsection.12.2.2}{\376\377\000R\000e\000s\000t\000a\000u\000r\000a\000c\000j\000e\000\040\000\050\000R\000e\000s\000t\000a\000u\000r\000a\000n\000t\000\051}{subsection.12.2}% 74
\BOOKMARK [3][-]{subsubsection.12.2.3}{\376\377\000L\000o\000k\000a\000l\000i\000z\000a\000c\000j\000e\000\040\000\050\000L\000o\000c\000a\000t\000i\000o\000n\000\051}{subsection.12.2}% 75
\BOOKMARK [3][-]{subsubsection.12.2.4}{\376\377\000D\000a\000n\000i\000a\000\040\000\050\000M\000e\000a\000l\000\051}{subsection.12.2}% 76
\BOOKMARK [3][-]{subsubsection.12.2.5}{\376\377\000Z\000a\000m\000\363\000w\000i\000e\000n\000i\000a\000\040\000\050\000O\000r\000d\000e\000r\000\051}{subsection.12.2}% 77
\BOOKMARK [3][-]{subsubsection.12.2.6}{\376\377\000S\000u\000b\000s\000k\000r\000y\000p\000c\000j\000e\000\040\000\050\000S\000u\000b\000s\000c\000r\000i\000p\000t\000i\000o\000n\000\051}{subsection.12.2}% 78
\BOOKMARK [3][-]{subsubsection.12.2.7}{\376\377\000K\000a\000t\000e\000g\000o\000r\000i\000e\000\040\000\050\000C\000a\000t\000e\000g\000o\000r\000y\000\051}{subsection.12.2}% 79
\BOOKMARK [3][-]{subsubsection.12.2.8}{\376\377\000R\000e\000c\000e\000n\000z\000j\000e\000\040\000\050\000R\000e\000v\000i\000e\000w\000\051}{subsection.12.2}% 80
\BOOKMARK [2][-]{subsection.12.3}{\376\377\000D\000i\000a\000g\000r\000a\000m\000y\000\040\000R\000e\000l\000a\000c\000j\000i}{section.12}% 81
\BOOKMARK [3][-]{subsubsection.12.3.1}{\376\377\000G\001\102\000\363\000w\000n\000y\000\040\000P\000r\000z\000e\000p\001\102\000y\000w\000\040\000D\000a\000n\000y\000c\000h}{subsection.12.3}% 82
\BOOKMARK [2][-]{subsection.12.4}{\376\377\000W\000y\000l\000i\000c\000z\000e\000n\000i\000a\000\040\000\050\000E\000n\000u\000m\000s\000\051}{section.12}% 83
\BOOKMARK [3][-]{subsubsection.12.4.1}{\376\377\000R\000o\000l\000e\000\040\000U\001\174\000y\000t\000k\000o\000w\000n\000i\000k\000a}{subsection.12.4}% 84
\BOOKMARK [3][-]{subsubsection.12.4.2}{\376\377\000S\000t\000a\000t\000u\000s\000y\000\040\000Z\000a\000m\000\363\000w\000i\000e\000n\000i\000a}{subsection.12.4}% 85
\BOOKMARK [3][-]{subsubsection.12.4.3}{\376\377\000S\000t\000a\000t\000u\000s\000\040\000R\000e\000s\000t\000a\000u\000r\000a\000c\000j\000i}{subsection.12.4}% 86
\BOOKMARK [3][-]{subsubsection.12.4.4}{\376\377\000S\000t\000a\000t\000u\000s\000\040\000P\001\102\000a\000t\000n\000o\001\133\000c\000i}{subsection.12.4}% 87
\BOOKMARK [2][-]{subsection.12.5}{\376\377\000I\000n\000d\000e\000k\000s\000y\000\040\000i\000\040\000O\000p\000t\000y\000m\000a\000l\000i\000z\000a\000c\000j\000a}{section.12}% 88
\BOOKMARK [2][-]{subsection.12.6}{\376\377\000C\000o\000n\000s\000t\000r\000a\000i\000n\000t\000s\000\040\000i\000\040\000B\000u\000s\000i\000n\000e\000s\000s\000\040\000R\000u\000l\000e\000s}{section.12}% 89
\BOOKMARK [1][-]{section.13}{\376\377\000Z\000a\000s\000o\000b\000y\000\040\000i\000\040\000L\000i\000t\000e\000r\000a\000t\000u\000r\000a}{}% 90
\BOOKMARK [2][-]{subsection.13.1}{\376\377\000D\000o\000k\000u\000m\000e\000n\000t\000a\000c\000j\000a}{section.13}% 91
\BOOKMARK [2][-]{subsection.13.2}{\376\377\000N\000a\000r\000z\001\031\000d\000z\000i\000a\000\040\000U\001\174\000y\000w\000a\000n\000e}{section.13}% 92
\BOOKMARK [1][-]{section.14}{\376\377\000D\000o\000d\000a\000t\000e\000k\000:\000\040\000I\000n\000s\000t\000r\000u\000k\000c\000j\000a\000\040\000I\000n\000s\000t\000a\000l\000a\000c\000j\000i}{}% 93
\BOOKMARK [2][-]{subsection.14.1}{\376\377\000W\000y\000m\000a\000g\000a\000n\000i\000a}{section.14}% 94
\BOOKMARK [2][-]{subsection.14.2}{\376\377\000K\000r\000o\000k\000i}{section.14}% 95
\BOOKMARK [2][-]{subsection.14.3}{\376\377\000D\000o\000m\000y\001\133\000l\000n\000e\000\040\000K\000o\000n\000t\000a}{section.14}% 96
